make all --print-data-base --no-builtin-variables --no-builtin-rules --question
# GNU Make 4.2.1
# Built for x86_64-pc-linux-gnu
# Copyright (C) 1988-2016 Free Software Foundation, Inc.
# License GPLv3+: GNU GPL version 3 or later <http://gnu.org/licenses/gpl.html>
# This is free software: you are free to change and redistribute it.
# There is NO WARRANTY, to the extent permitted by law.

# Make data base, printed on Sun Aug  7 21:46:56 2022

# Variables

# automatic
<D = $(patsubst %/,%,$(dir $<))
# automatic
?F = $(notdir $?)
# environment
DESKTOP_SESSION = ubuntu
# default
.SHELLFLAGS := -c
# makefile (from 'Makefile', line 15)
OBJ = ./objs
# environment
XDG_SESSION_CLASS = user
# makefile (from 'Makefile', line 16)
SRC = ./srcs
# environment
XDG_SESSION_TYPE = x11
# environment
VSCODE_LOG_NATIVE = false
# automatic
?D = $(patsubst %/,%,$(dir $?))
# makefile (from 'Makefile', line 12)
INCLUDES = -I $(INCLUDE) -I $(LIBFT)/includes
# automatic
@D = $(patsubst %/,%,$(dir $@))
# environment
XAUTHORITY = /mnt/nfs/homes/mdkhissi/.Xauthority
# environment
GDMSESSION = ubuntu
# environment
XMODIFIERS = @im=ibus
# makefile
CURDIR := /mnt/nfs/homes/mdkhissi/dev/libft/ft_printf
# makefile
SHELL = /bin/sh
# environment
GDM_LANG = en
# environment
VSCODE_NLS_CONFIG = {"locale":"en-us","availableLanguages":{},"_languagePackSupport":true}
# environment
_ = /usr/share/code/code
# makefile (from 'Makefile', line 7)
CFLAGS = -Wall -Wextra -Werror -g3 -fsanitize=address
# environment
JOURNAL_STREAM = 9:810584
# environment
XDG_CONFIG_DIRS = /etc/xdg/xdg-ubuntu:/etc/xdg
# makefile (from 'Makefile', line 1)
MAKEFILE_LIST :=  Makefile
# automatic
@F = $(notdir $@)
# environment
GIO_LAUNCHED_DESKTOP_FILE = /usr/share/applications/code.desktop
# 'override' directive
GNUMAKEFLAGS := 
# environment
MANDATORY_PATH = /usr/share/gconf/ubuntu.mandatory.path
# environment
XDG_DATA_DIRS = /usr/share/gnome:/usr/share/ubuntu:/mnt/nfs/homes/mdkhissi/.local/share/flatpak/exports/share:/var/lib/flatpak/exports/share:/usr/local/share:/usr/share:/var/lib/snapd/desktop
# environment
DBUS_SESSION_BUS_ADDRESS = unix:path=/run/user/39527/bus
# environment
VSCODE_VERBOSE_LOGGING = true
# makefile (from 'Makefile', line 19)
OBJS = $(patsubst %.c, $(OBJ)/%.o,$(SRCS))
# environment
MANAGERPID = 140377
# environment
VSCODE_IPC_HOOK_EXTHOST = /run/user/39527/vscode-ipc-4e5e556e-523e-4b49-9c67-fcceddb31049.sock
# environment
VSCODE_CWD = /mnt/nfs/homes/mdkhissi
# environment
XDG_SESSION_PATH = /org/freedesktop/DisplayManager/Session2
# environment
KRB5CCNAME = FILE:/tmp/krb5cc_39527_g0ghZZ
# default
MAKE_HOST := x86_64-pc-linux-gnu
# environment
PATH = /mnt/nfs/homes/mdkhissi/bin:/usr/local/sbin:/usr/local/bin:/usr/sbin:/usr/bin:/sbin:/bin:/usr/games:/usr/local/games:/snap/bin
# environment
GPG_AGENT_INFO = /run/user/39527/gnupg/S.gpg-agent:0:1
# environment
LSCOLORS = Gxfxcxdxbxegedabagacad
# environment
SESSION_MANAGER = local/e1r11p23.clusters.42paris.fr:@/tmp/.ICE-unix/140828,unix/e1r11p23.clusters.42paris.fr:/tmp/.ICE-unix/140828
# environment
XDG_RUNTIME_DIR = /run/user/39527
# environment
XDG_MENU_PREFIX = gnome-
# environment
VSCODE_LOG_STACK = false
# environment
ELECTRON_RUN_AS_NODE = 1
# environment
INVOCATION_ID = c69de8f279f843ac9cb91e7403ff8248
# default
.FEATURES := target-specific order-only second-expansion else-if shortest-stem undefine oneshell archives jobserver output-sync check-symlink load
# makefile (from 'Makefile', line 25)
PURPLE = \033[1;35m
# environment
XDG_GREETER_DATA_DIR = /var/lib/lightdm-data/mdkhissi
# environment
LS_COLORS = 
# environment
XDG_SESSION_DESKTOP = ubuntu
# environment
SSH_AUTH_SOCK = /run/user/39527/keyring/ssh
# environment
GIO_LAUNCHED_DESKTOP_FILE_PID = 141896
# automatic
%F = $(notdir $%)
# environment
DISPLAY = :0
# environment
VSCODE_PIPE_LOGGING = true
# environment
PWD = /mnt/nfs/homes/mdkhissi/dev/libft/ft_printf
# default
.LOADED := 
# environment
SSH_AGENT_PID = 140714
# environment
ORIGINAL_XDG_CURRENT_DESKTOP = ubuntu:GNOME
# makefile (from 'Makefile', line 24)
GREEN = \033[1;32m
# environment
GTK_MODULES = gail:atk-bridge
# environment
VSCODE_AMD_ENTRYPOINT = vs/workbench/api/node/extensionHostProcess
# environment
HOME = /mnt/nfs/homes/mdkhissi
# environment
VSCODE_CODE_CACHE_PATH = /mnt/nfs/homes/mdkhissi/.config/Code/CachedData/30d9c6cd9483b2cc586687151bcbcd635f373630
# environment
LOGNAME = mdkhissi
# environment
APPLICATION_INSIGHTS_NO_DIAGNOSTIC_CHANNEL = 1
# environment
ZSH = /mnt/nfs/homes/mdkhissi/.oh-my-zsh
# environment
VSCODE_HANDLES_UNCAUGHT_ERRORS = true
# environment
GNOME_DESKTOP_SESSION_ID = this-is-deprecated
# automatic
^D = $(patsubst %/,%,$(dir $^))
# environment
MAKELEVEL := 0
# default
MAKE = $(MAKE_COMMAND)
# default
MAKECMDGOALS := all
# environment
QT_IM_MODULE = ibus
# makefile (from 'Makefile', line 18)
SRCS = ft_printf.c ft_printf_utils.c ft_core.c ft_formatters.c ft_ntoston.c ft_parsers.c ft_sutils.c ft_utils.c
# environment
SHLVL = 1
# makefile (from 'Makefile', line 27)
WHITE = \033[1;37m
# makefile (from 'Makefile', line 17)
LIBFT = ../core
# makefile (from 'Makefile', line 6)
CC = clang
# environment
IM_CONFIG_PHASE = 1
# default
MAKE_VERSION := 4.2.1
# environment
USER = mdkhissi
# makefile
.DEFAULT_GOAL := all
# makefile (from 'Makefile', line 11)
INCLUDE = includes
# environment
XDG_CURRENT_DESKTOP = Unity
# environment
LIBVIRT_DEFAULT_URI = qemu:///system
# environment
LESS = -R
# automatic
%D = $(patsubst %/,%,$(dir $%))
# default
MAKE_COMMAND := make
# environment
OLDPWD = /mnt/nfs/homes/mdkhissi
# makefile (from 'Makefile', line 28)
EOC = \033[0;0m
# default
.VARIABLES := 
# automatic
*F = $(notdir $*)
# environment
LANGUAGE = en
# environment
XDG_SEAT_PATH = /org/freedesktop/DisplayManager/Seat0
# environment
VSCODE_IPC_HOOK = /run/user/39527/vscode-a70329a3-1.68.1-main.sock
# makefile (from 'Makefile', line 23)
RED = \033[1;31m
# makefile
MAKEFLAGS = pqrR
# environment
MFLAGS = -pqrR
# automatic
*D = $(patsubst %/,%,$(dir $*))
# makefile (from 'Makefile', line 22)
BLACK = \033[1;30m
# automatic
+D = $(patsubst %/,%,$(dir $+))
# environment
GDK_BACKEND = x11
# makefile (from 'Makefile', line 26)
CYAN = \033[1;36m
# automatic
+F = $(notdir $+)
# environment
QT_ACCESSIBILITY = 1
# environment
DEFAULTS_PATH = /usr/share/gconf/ubuntu.default.path
# default
MAKEFILES := 
# automatic
<F = $(notdir $<)
# environment
PAGER = less
# environment
LC_ALL = C
# environment
GJS_DEBUG_TOPICS = JS ERROR;JS LOG
# automatic
^F = $(notdir $^)
# default
SUFFIXES := 
# environment
CHROME_DESKTOP = code-url-handler.desktop
# default
.INCLUDE_DIRS = /usr/include /usr/local/include /usr/include
# environment
GJS_DEBUG_OUTPUT = stderr
# makefile (from 'Makefile', line 2)
NAME = libftprintf.a
# default
.RECIPEPREFIX := 
# environment
LANG = C
# makefile (from 'Makefile', line 3)
DESCRIPTION = Ft_Printf
# environment
DOCKER_HOST = unix:///run/user/39527/docker.sock
# environment
VSCODE_PID = 141896
# makefile (from 'Makefile', line 8)
LPFLAGS = -L$(LIBFT) -lft
# variable set hash-table stats:
# Load=126/1024=12%, Rehash=0, Collisions=23/170=14%

# Pattern-specific Variable Values

# No pattern-specific variable values.

# Directories

# . (device 55, inode 40771601): 10 files, no impossibilities.
# srcs (device 55, inode 40771602): 7 files, no impossibilities so far.

# 17 files, no impossibilities in 2 directories.

# Implicit Rules

objs/%.o: srcs/%.c | objs
 
#  recipe to execute (from 'Makefile', line 37):
	@$(CC) $(CFLAGS) $(INCLUDES) $(LPFLAGS) -c $< -o $@

# 1 implicit rules, 0 (0.0%) terminal.

# Files

# Not a target:
objs/ft_printf_utils.o:
#  Implicit rule search has not been done.
#  Modification time never checked.
#  File has not been updated.

all: libftprintf.a
#  Phony target (prerequisite of .PHONY).
#  Command line target.
#  Implicit rule search has not been done.
#  File does not exist.
#  File has been updated.
#  Needs to be updated (-q is set).
# variable set hash-table stats:
# Load=0/32=0%, Rehash=0, Collisions=0/10=0%

.PHONY: all clean fclean re
#  Implicit rule search has not been done.
#  Modification time never checked.
#  File has not been updated.

# Not a target:
Makefile:
#  Implicit rule search has been done.
#  Last modified 2022-08-07 19:50:00.971862396
#  File has been updated.
#  Successfully updated.

# Not a target:
objs/ft_ntoston.o:
#  Implicit rule search has not been done.
#  Modification time never checked.
#  File has not been updated.

# Not a target:
objs/ft_parsers.o:
#  Implicit rule search has not been done.
#  Modification time never checked.
#  File has not been updated.

objs:
#  Implicit rule search has not been done.
#  Last modified 2022-08-07 19:50:02.057868786
#  File has been updated.
#  Successfully updated.
#  recipe to execute (from 'Makefile', line 40):
	@mkdir $@
	@echo -e "$(PURPLE)§> $(RED)Compiling object files $(GREEN)√$(EOC)"

objs/ft_printf.o: srcs/ft_printf.c | objs
#  Implicit rule search has been done.
#  Implicit/static pattern stem: 'ft_printf'
#  File does not exist.
#  File has been updated.
#  Needs to be updated (-q is set).
# automatic
# @ := objs/ft_printf.o
# automatic
# % := 
# automatic
# * := ft_printf
# automatic
# + := srcs/ft_printf.c
# automatic
# | := objs
# automatic
# < := srcs/ft_printf.c
# automatic
# ^ := srcs/ft_printf.c
# automatic
# ? := srcs/ft_printf.c
# variable set hash-table stats:
# Load=8/32=25%, Rehash=0, Collisions=2/20=10%
#  recipe to execute (from 'Makefile', line 37):
	@$(CC) $(CFLAGS) $(INCLUDES) $(LPFLAGS) -c $< -o $@

fclean: clean
#  Phony target (prerequisite of .PHONY).
#  Implicit rule search has not been done.
#  File does not exist.
#  File has not been updated.
#  recipe to execute (from 'Makefile', line 47):
	rm -f ${NAME}

# Not a target:
objs/ft_utils.o:
#  Implicit rule search has not been done.
#  Modification time never checked.
#  File has not been updated.

# Not a target:
.DEFAULT:
#  Implicit rule search has not been done.
#  Modification time never checked.
#  File has not been updated.

# Not a target:
srcs/ft_printf.c:
#  Implicit rule search has been done.
#  Last modified 2022-08-07 16:11:53.38238562
#  File has been updated.
#  Successfully updated.

# Not a target:
objs/ft_core.o:
#  Implicit rule search has not been done.
#  Modification time never checked.
#  File has not been updated.

re: fclean all
#  Phony target (prerequisite of .PHONY).
#  Implicit rule search has not been done.
#  File does not exist.
#  File has not been updated.

clean:
#  Phony target (prerequisite of .PHONY).
#  Implicit rule search has not been done.
#  File does not exist.
#  File has not been updated.
#  recipe to execute (from 'Makefile', line 44):
	rm -rf ${OBJ}

# Not a target:
objs/ft_formatters.o:
#  Implicit rule search has not been done.
#  Modification time never checked.
#  File has not been updated.

libftprintf.a: objs/ft_printf.o objs/ft_printf_utils.o objs/ft_core.o objs/ft_formatters.o objs/ft_ntoston.o objs/ft_parsers.o objs/ft_sutils.o objs/ft_utils.o
#  Implicit rule search has not been done.
#  File does not exist.
#  File has been updated.
#  Needs to be updated (-q is set).
# variable set hash-table stats:
# Load=0/32=0%, Rehash=0, Collisions=0/10=0%
#  recipe to execute (from 'Makefile', line 33):
	@echo -e "$(PURPLE)§> $(RED)Building $(DESCRIPTION) $(GREEN)√$(EOC)"
	@ar rcs ${NAME}  ${OBJS} 

# Not a target:
objs/ft_sutils.o:
#  Implicit rule search has not been done.
#  Modification time never checked.
#  File has not been updated.

# files hash-table stats:
# Load=19/1024=2%, Rehash=0, Collisions=0/52=0%
# VPATH Search Paths

# No 'vpath' search paths.

# No general ('VPATH' variable) search path.

# strcache buffers: 1 (0) / strings = 37 / storage = 424 B / avg = 11 B
# current buf: size = 8162 B / used = 424 B / count = 37 / avg = 11 B

# strcache performance: lookups = 65 / hit rate = 43%
# hash-table stats:
# Load=37/8192=0%, Rehash=0, Collisions=2/65=3%
# Finished Make data base on Sun Aug  7 21:46:56 2022

 
