make --dry-run --always-make --keep-going --print-directory
make: Entering directory '/mnt/nfs/homes/mdkhissi/dev/libft'
mkdir objs
clang -Wall -Wextra -Werror -c ft_atoi.c -o objs/ft_atoi.o
clang -Wall -Wextra -Werror -c ft_strjoin.c -o objs/ft_strjoin.o
clang -Wall -Wextra -Werror -c ft_bzero.c -o objs/ft_bzero.o
clang -Wall -Wextra -Werror -c ft_calloc.c -o objs/ft_calloc.o
clang -Wall -Wextra -Werror -c ft_isalnum.c -o objs/ft_isalnum.o
clang -Wall -Wextra -Werror -c ft_isalpha.c -o objs/ft_isalpha.o
clang -Wall -Wextra -Werror -c ft_isascii.c -o objs/ft_isascii.o
clang -Wall -Wextra -Werror -c ft_isdigit.c -o objs/ft_isdigit.o
clang -Wall -Wextra -Werror -c ft_isprint.c -o objs/ft_isprint.o
clang -Wall -Wextra -Werror -c ft_itoa.c -o objs/ft_itoa.o
clang -Wall -Wextra -Werror -c ft_memccpy.c -o objs/ft_memccpy.o
clang -Wall -Wextra -Werror -c ft_memchr.c -o objs/ft_memchr.o
clang -Wall -Wextra -Werror -c ft_memcmp.c -o objs/ft_memcmp.o
clang -Wall -Wextra -Werror -c ft_memcpy.c -o objs/ft_memcpy.o
clang -Wall -Wextra -Werror -c ft_memmove.c -o objs/ft_memmove.o
clang -Wall -Wextra -Werror -c ft_memset.c -o objs/ft_memset.o
clang -Wall -Wextra -Werror -c ft_putchar_fd.c -o objs/ft_putchar_fd.o
clang -Wall -Wextra -Werror -c ft_putendl_fd.c -o objs/ft_putendl_fd.o
clang -Wall -Wextra -Werror -c ft_putnbr_fd.c -o objs/ft_putnbr_fd.o
clang -Wall -Wextra -Werror -c ft_putstr_fd.c -o objs/ft_putstr_fd.o
clang -Wall -Wextra -Werror -c ft_split.c -o objs/ft_split.o
clang -Wall -Wextra -Werror -c ft_strchr.c -o objs/ft_strchr.o
clang -Wall -Wextra -Werror -c ft_strdup.c -o objs/ft_strdup.o
clang -Wall -Wextra -Werror -c ft_strlcat.c -o objs/ft_strlcat.o
clang -Wall -Wextra -Werror -c ft_strlcpy.c -o objs/ft_strlcpy.o
clang -Wall -Wextra -Werror -c ft_strlen.c -o objs/ft_strlen.o
clang -Wall -Wextra -Werror -c ft_strmapi.c -o objs/ft_strmapi.o
clang -Wall -Wextra -Werror -c ft_strncmp.c -o objs/ft_strncmp.o
clang -Wall -Wextra -Werror -c ft_strnstr.c -o objs/ft_strnstr.o
clang -Wall -Wextra -Werror -c ft_strrchr.c -o objs/ft_strrchr.o
clang -Wall -Wextra -Werror -c ft_strtrim.c -o objs/ft_strtrim.o
clang -Wall -Wextra -Werror -c ft_substr.c -o objs/ft_substr.o
clang -Wall -Wextra -Werror -c ft_tolower.c -o objs/ft_tolower.o
clang -Wall -Wextra -Werror -c ft_toupper.c -o objs/ft_toupper.o
ar rcs libft.a  ./objs/ft_atoi.o  ./objs/ft_strjoin.o  ./objs/ft_bzero.o  ./objs/ft_calloc.o  ./objs/ft_isalnum.o  ./objs/ft_isalpha.o  ./objs/ft_isascii.o  ./objs/ft_isdigit.o  ./objs/ft_isprint.o  ./objs/ft_itoa.o  ./objs/ft_memccpy.o  ./objs/ft_memchr.o  ./objs/ft_memcmp.o  ./objs/ft_memcpy.o  ./objs/ft_memmove.o  ./objs/ft_memset.o  ./objs/ft_putchar_fd.o  ./objs/ft_putendl_fd.o  ./objs/ft_putnbr_fd.o  ./objs/ft_putstr_fd.o  ./objs/ft_split.o  ./objs/ft_strchr.o  ./objs/ft_strdup.o  ./objs/ft_strlcat.o  ./objs/ft_strlcpy.o  ./objs/ft_strlen.o  ./objs/ft_strmapi.o  ./objs/ft_strncmp.o  ./objs/ft_strnstr.o  ./objs/ft_strrchr.o  ./objs/ft_strtrim.o  ./objs/ft_substr.o  ./objs/ft_tolower.o  ./objs/ft_toupper.o
make: Leaving directory '/mnt/nfs/homes/mdkhissi/dev/libft'
 
