make --dry-run --always-make --keep-going --print-directory
make: Entering directory '/mnt/nfs/homes/mdkhissi/dev/libft/core'
mkdir objs
echo -e "\033[1;35m§> \033[1;31mCompiling object files \033[1;32m√\033[0;0m"
clang -Wall -Wextra -Werror -I includes -c srcs/ft_atois.c -o objs/ft_atois.o
clang -Wall -Wextra -Werror -I includes -c srcs/ft_c.c -o objs/ft_c.o
clang -Wall -Wextra -Werror -I includes -c srcs/ft_c2.c -o objs/ft_c2.o
clang -Wall -Wextra -Werror -I includes -c srcs/ft_mem.c -o objs/ft_mem.o
clang -Wall -Wextra -Werror -I includes -c srcs/ft_mem2.c -o objs/ft_mem2.o
clang -Wall -Wextra -Werror -I includes -c srcs/ft_print.c -o objs/ft_print.o
clang -Wall -Wextra -Werror -I includes -c srcs/ft_str.c -o objs/ft_str.o
clang -Wall -Wextra -Werror -I includes -c srcs/ft_str2.c -o objs/ft_str2.o
clang -Wall -Wextra -Werror -I includes -c srcs/ft_str3.c -o objs/ft_str3.o
clang -Wall -Wextra -Werror -I includes -c srcs/ft_str4.c -o objs/ft_str4.o
clang -Wall -Wextra -Werror -I includes -c srcs/ft_split.c -o objs/ft_split.o
clang -Wall -Wextra -Werror -I includes -c srcs/ft_strtrim.c -o objs/ft_strtrim.o
clang -Wall -Wextra -Werror -I includes -c srcs/ft_sarr.c -o objs/ft_sarr.o
echo -e "\033[1;35m§> \033[1;31mBuilding Libft \033[1;32m√\033[0;0m"
ar rcs libft.a  ./objs/ft_atois.o  ./objs/ft_c.o  ./objs/ft_c2.o  ./objs/ft_mem.o  ./objs/ft_mem2.o  ./objs/ft_print.o  ./objs/ft_str.o  ./objs/ft_str2.o  ./objs/ft_str3.o  ./objs/ft_str4.o  ./objs/ft_split.o  ./objs/ft_strtrim.o  ./objs/ft_sarr.o
make: Leaving directory '/mnt/nfs/homes/mdkhissi/dev/libft/core'
 
