make all --print-data-base --no-builtin-variables --no-builtin-rules --question
# GNU Make 4.2.1
# Built for x86_64-pc-linux-gnu
# Copyright (C) 1988-2016 Free Software Foundation, Inc.
# License GPLv3+: GNU GPL version 3 or later <http://gnu.org/licenses/gpl.html>
# This is free software: you are free to change and redistribute it.
# There is NO WARRANTY, to the extent permitted by law.

# Make data base, printed on Mon Aug  8 21:50:56 2022

# Variables

# automatic
<D = $(patsubst %/,%,$(dir $<))
# automatic
?F = $(notdir $?)
# environment
DESKTOP_SESSION = ubuntu
# default
.SHELLFLAGS := -c
# makefile (from 'Makefile', line 26)
OBJ = ./objs
# environment
XDG_SESSION_CLASS = user
# makefile (from 'Makefile', line 27)
SRC = ./srcs
# environment
XDG_SESSION_TYPE = x11
# environment
VSCODE_LOG_NATIVE = false
# automatic
?D = $(patsubst %/,%,$(dir $?))
# makefile (from 'Makefile', line 23)
INCLUDES = -I $(INCLUDE)
# automatic
@D = $(patsubst %/,%,$(dir $@))
# environment
XAUTHORITY = /mnt/nfs/homes/mdkhissi/.Xauthority
# environment
GDMSESSION = ubuntu
# environment
XMODIFIERS = @im=ibus
# makefile
CURDIR := /mnt/nfs/homes/mdkhissi/dev/libft/core
# makefile
SHELL = /bin/sh
# environment
GDM_LANG = en
# environment
VSCODE_NLS_CONFIG = {"locale":"en-us","availableLanguages":{},"_languagePackSupport":true}
# environment
_ = /usr/share/code/code
# makefile (from 'Makefile', line 19)
CFLAGS = -Wall -Wextra -Werror
# environment
JOURNAL_STREAM = 9:500539
# environment
XDG_CONFIG_DIRS = /etc/xdg/xdg-ubuntu:/etc/xdg
# makefile (from 'Makefile', line 1)
MAKEFILE_LIST :=  Makefile
# automatic
@F = $(notdir $@)
# environment
GIO_LAUNCHED_DESKTOP_FILE = /usr/share/applications/code.desktop
# 'override' directive
GNUMAKEFLAGS := 
# environment
MANDATORY_PATH = /usr/share/gconf/ubuntu.mandatory.path
# environment
XDG_DATA_DIRS = /usr/share/gnome:/usr/share/ubuntu:/mnt/nfs/homes/mdkhissi/.local/share/flatpak/exports/share:/var/lib/flatpak/exports/share:/usr/local/share:/usr/share:/var/lib/snapd/desktop
# environment
DBUS_SESSION_BUS_ADDRESS = unix:path=/run/user/39527/bus
# environment
VSCODE_VERBOSE_LOGGING = true
# makefile (from 'Makefile', line 30)
OBJS = $(patsubst %.c, $(OBJ)/%.o,$(SRCS))
# environment
MANAGERPID = 42527
# environment
VSCODE_IPC_HOOK_EXTHOST = /run/user/39527/vscode-ipc-05c16a07-008a-40b1-96d1-4454c0d4fba3.sock
# environment
VSCODE_CWD = /mnt/nfs/homes/mdkhissi
# environment
XDG_SESSION_PATH = /org/freedesktop/DisplayManager/Session1
# environment
KRB5CCNAME = FILE:/tmp/krb5cc_39527_Oa1r1q
# default
MAKE_HOST := x86_64-pc-linux-gnu
# environment
PATH = /mnt/nfs/homes/mdkhissi/bin:/usr/local/sbin:/usr/local/bin:/usr/sbin:/usr/bin:/sbin:/bin:/usr/games:/usr/local/games:/snap/bin
# environment
GPG_AGENT_INFO = /run/user/39527/gnupg/S.gpg-agent:0:1
# environment
LSCOLORS = Gxfxcxdxbxegedabagacad
# environment
SESSION_MANAGER = local/e1r12p1.clusters.42paris.fr:@/tmp/.ICE-unix/43026,unix/e1r12p1.clusters.42paris.fr:/tmp/.ICE-unix/43026
# environment
XDG_RUNTIME_DIR = /run/user/39527
# makefile (from 'Makefile', line 29)
SRCB = ft_lst.c ft_lst2.c
# environment
XDG_MENU_PREFIX = gnome-
# environment
VSCODE_LOG_STACK = false
# environment
ELECTRON_RUN_AS_NODE = 1
# environment
INVOCATION_ID = 8ebfa33e16e042e29c327750ea996711
# default
.FEATURES := target-specific order-only second-expansion else-if shortest-stem undefine oneshell archives jobserver output-sync check-symlink load
# makefile (from 'Makefile', line 37)
PURPLE = \033[1;35m
# environment
XDG_GREETER_DATA_DIR = /var/lib/lightdm-data/mdkhissi
# environment
LS_COLORS = 
# environment
XDG_SESSION_DESKTOP = ubuntu
# environment
SSH_AUTH_SOCK = /run/user/39527/keyring/ssh
# environment
GIO_LAUNCHED_DESKTOP_FILE_PID = 43399
# automatic
%F = $(notdir $%)
# environment
DISPLAY = :0
# environment
VSCODE_PIPE_LOGGING = true
# environment
PWD = /mnt/nfs/homes/mdkhissi/dev/libft/core
# default
.LOADED := 
# environment
SSH_AGENT_PID = 42884
# environment
ORIGINAL_XDG_CURRENT_DESKTOP = ubuntu:GNOME
# makefile (from 'Makefile', line 36)
GREEN = \033[1;32m
# environment
GTK_MODULES = gail:atk-bridge
# environment
VSCODE_AMD_ENTRYPOINT = vs/workbench/api/node/extensionHostProcess
# environment
HOME = /mnt/nfs/homes/mdkhissi
# environment
VSCODE_CODE_CACHE_PATH = /mnt/nfs/homes/mdkhissi/.config/Code/CachedData/30d9c6cd9483b2cc586687151bcbcd635f373630
# environment
LOGNAME = mdkhissi
# environment
APPLICATION_INSIGHTS_NO_DIAGNOSTIC_CHANNEL = 1
# environment
ZSH = /mnt/nfs/homes/mdkhissi/.oh-my-zsh
# environment
VSCODE_HANDLES_UNCAUGHT_ERRORS = true
# environment
GNOME_DESKTOP_SESSION_ID = this-is-deprecated
# automatic
^D = $(patsubst %/,%,$(dir $^))
# environment
MAKELEVEL := 0
# default
MAKE = $(MAKE_COMMAND)
# default
MAKECMDGOALS := all
# environment
QT_IM_MODULE = ibus
# makefile (from 'Makefile', line 28)
SRCS = ft_atois.c ft_c.c ft_c2.c ft_mem.c ft_mem2.c ft_print.c ft_str.c ft_str2.c ft_str3.c ft_str4.c ft_split.c ft_strtrim.c ft_sarr.c
# environment
SHLVL = 1
# makefile (from 'Makefile', line 39)
WHITE = \033[1;37m
# makefile (from 'Makefile', line 18)
CC = clang
# environment
IM_CONFIG_PHASE = 1
# default
MAKE_VERSION := 4.2.1
# environment
USER = mdkhissi
# makefile
.DEFAULT_GOAL := all
# makefile (from 'Makefile', line 22)
INCLUDE = includes
# environment
XDG_CURRENT_DESKTOP = Unity
# environment
LIBVIRT_DEFAULT_URI = qemu:///system
# environment
LESS = -R
# automatic
%D = $(patsubst %/,%,$(dir $%))
# makefile (from 'Makefile', line 31)
OBJB = $(patsubst %.c, $(OBJ)/%.o,$(SRCB))
# default
MAKE_COMMAND := make
# environment
OLDPWD = /mnt/nfs/homes/mdkhissi
# makefile (from 'Makefile', line 40)
EOC = \033[0;0m
# default
.VARIABLES := 
# automatic
*F = $(notdir $*)
# environment
LANGUAGE = en
# environment
XDG_SEAT_PATH = /org/freedesktop/DisplayManager/Seat0
# environment
VSCODE_IPC_HOOK = /run/user/39527/vscode-a70329a3-1.68.1-main.sock
# makefile (from 'Makefile', line 35)
RED = \033[1;31m
# makefile
MAKEFLAGS = pqrR
# environment
MFLAGS = -pqrR
# automatic
*D = $(patsubst %/,%,$(dir $*))
# makefile (from 'Makefile', line 34)
BLACK = \033[1;30m
# automatic
+D = $(patsubst %/,%,$(dir $+))
# environment
GDK_BACKEND = x11
# makefile (from 'Makefile', line 38)
CYAN = \033[1;36m
# automatic
+F = $(notdir $+)
# environment
QT_ACCESSIBILITY = 1
# environment
DEFAULTS_PATH = /usr/share/gconf/ubuntu.default.path
# default
MAKEFILES := 
# automatic
<F = $(notdir $<)
# environment
PAGER = less
# environment
LC_ALL = C
# environment
GJS_DEBUG_TOPICS = JS ERROR;JS LOG
# automatic
^F = $(notdir $^)
# default
SUFFIXES := 
# environment
CHROME_DESKTOP = code-url-handler.desktop
# default
.INCLUDE_DIRS = /usr/include /usr/local/include /usr/include
# environment
GJS_DEBUG_OUTPUT = stderr
# makefile (from 'Makefile', line 14)
NAME = libft.a
# default
.RECIPEPREFIX := 
# environment
LANG = C
# makefile (from 'Makefile', line 15)
DESCRIPTION = Libft
# environment
DOCKER_HOST = unix:///run/user/39527/docker.sock
# environment
VSCODE_PID = 43399
# variable set hash-table stats:
# Load=126/1024=12%, Rehash=0, Collisions=25/166=15%

# Pattern-specific Variable Values

# No pattern-specific variable values.

# Directories

# . (device 59, inode 75597694): 11 files, no impossibilities.
# srcs (device 59, inode 75606034): 17 files, no impossibilities so far.

# 28 files, no impossibilities in 2 directories.

# Implicit Rules

objs/%.o: srcs/%.c | objs
#  recipe to execute (from 'Makefile', line 49):
	@$(CC) $(CFLAGS) $(INCLUDES) -c $< -o $@

# 1 implicit rules, 0 (0.0%) terminal.

# Files

objs/ft_c2.o: srcs/ft_c2.c | objs
#  Implicit rule search has been done.
#  Implicit/static pattern stem: 'ft_c2'
 
#  Last modified 2022-08-08 21:44:53.500869326
#  File has been updated.
#  Successfully updated.
#  recipe to execute (from 'Makefile', line 49):
	@$(CC) $(CFLAGS) $(INCLUDES) -c $< -o $@

# Not a target:
srcs/ft_str.c:
#  Implicit rule search has been done.
#  Last modified 2022-08-07 17:30:34.805486048
#  File has been updated.
#  Successfully updated.

all: libft.a
#  Phony target (prerequisite of .PHONY).
#  Command line target.
#  Implicit rule search has not been done.
#  File does not exist.
#  File has been updated.
#  Successfully updated.

# Not a target:
srcs/ft_atois.c:
#  Implicit rule search has been done.
#  Last modified 2022-08-07 17:00:44.849811471
#  File has been updated.
#  Successfully updated.

objs/ft_strtrim.o: srcs/ft_strtrim.c | objs
#  Implicit rule search has been done.
#  Implicit/static pattern stem: 'ft_strtrim'
#  Last modified 2022-08-08 21:44:53.934871927
#  File has been updated.
#  Successfully updated.
#  recipe to execute (from 'Makefile', line 49):
	@$(CC) $(CFLAGS) $(INCLUDES) -c $< -o $@

.PHONY: all clean fclean re bonus
#  Implicit rule search has not been done.
#  Modification time never checked.
#  File has not been updated.

objs/ft_print.o: srcs/ft_print.c | objs
#  Implicit rule search has been done.
#  Implicit/static pattern stem: 'ft_print'
#  Last modified 2022-08-08 21:44:53.643870183
#  File has been updated.
#  Successfully updated.
#  recipe to execute (from 'Makefile', line 49):
	@$(CC) $(CFLAGS) $(INCLUDES) -c $< -o $@

# Not a target:
srcs/ft_c2.c:
#  Implicit rule search has been done.
#  Last modified 2022-08-07 16:35:10.137676973
#  File has been updated.
#  Successfully updated.

# Not a target:
Makefile:
#  Implicit rule search has been done.
#  Last modified 2022-08-07 22:36:50.319300097
#  File has been updated.
#  Successfully updated.

objs/ft_mem.o: srcs/ft_mem.c | objs
#  Implicit rule search has been done.
#  Implicit/static pattern stem: 'ft_mem'
#  Last modified 2022-08-08 21:44:53.545869595
#  File has been updated.
#  Successfully updated.
#  recipe to execute (from 'Makefile', line 49):
	@$(CC) $(CFLAGS) $(INCLUDES) -c $< -o $@

libft.a: objs/ft_atois.o objs/ft_c.o objs/ft_c2.o objs/ft_mem.o objs/ft_mem2.o objs/ft_print.o objs/ft_str.o objs/ft_str2.o objs/ft_str3.o objs/ft_str4.o objs/ft_split.o objs/ft_strtrim.o objs/ft_sarr.o
#  Implicit rule search has not been done.
#  Last modified 2022-08-08 21:44:54.012872395
#  File has been updated.
#  Successfully updated.
#  recipe to execute (from 'Makefile', line 45):
	@echo -e "$(PURPLE)§> $(RED)Building $(DESCRIPTION) $(GREEN)√$(EOC)"
	@ar rcs ${NAME} ${OBJS}

# Not a target:
srcs/ft_strtrim.c:
#  Implicit rule search has been done.
#  Last modified 2022-08-07 22:37:05.938394482
#  File has been updated.
#  Successfully updated.

objs/ft_str2.o: srcs/ft_str2.c | objs
#  Implicit rule search has been done.
#  Implicit/static pattern stem: 'ft_str2'
#  Last modified 2022-08-08 21:44:53.737870746
#  File has been updated.
#  Successfully updated.
#  recipe to execute (from 'Makefile', line 49):
	@$(CC) $(CFLAGS) $(INCLUDES) -c $< -o $@

# Not a target:
srcs/ft_print.c:
#  Implicit rule search has been done.
#  Last modified 2022-08-07 16:34:32.065450527
#  File has been updated.
#  Successfully updated.

objs:
#  Implicit rule search has not been done.
#  Last modified 2022-08-08 21:44:53.979872197
#  File has been updated.
#  Successfully updated.
#  recipe to execute (from 'Makefile', line 52):
	@mkdir $@
	@echo -e "$(PURPLE)§> $(RED)Compiling object files $(GREEN)√$(EOC)"
	

objs/ft_split.o: srcs/ft_split.c | objs
#  Implicit rule search has been done.
#  Implicit/static pattern stem: 'ft_split'
#  Last modified 2022-08-08 21:44:53.889871658
#  File has been updated.
#  Successfully updated.
#  recipe to execute (from 'Makefile', line 49):
	@$(CC) $(CFLAGS) $(INCLUDES) -c $< -o $@

bonus: objs/ft_lst.o objs/ft_lst2.o objs/ft_atois.o objs/ft_c.o objs/ft_c2.o objs/ft_mem.o objs/ft_mem2.o objs/ft_print.o objs/ft_str.o objs/ft_str2.o objs/ft_str3.o objs/ft_str4.o objs/ft_split.o objs/ft_strtrim.o objs/ft_sarr.o
#  Phony target (prerequisite of .PHONY).
#  Implicit rule search has not been done.
#  File does not exist.
#  File has not been updated.
#  recipe to execute (from 'Makefile', line 56):
	ar rcs ${NAME} ${OBJS} ${OBJB}

fclean: clean
#  Phony target (prerequisite of .PHONY).
#  Implicit rule search has not been done.
#  File does not exist.
#  File has not been updated.
#  recipe to execute (from 'Makefile', line 62):
	rm -f ${NAME}

# Not a target:
srcs/ft_mem.c:
#  Implicit rule search has been done.
#  Last modified 2022-08-07 16:28:46.137393014
#  File has been updated.
#  Successfully updated.

# Not a target:
srcs/ft_str2.c:
#  Implicit rule search has been done.
#  Last modified 2022-08-07 23:19:30.958428269
#  File has been updated.
#  Successfully updated.

# Not a target:
objs/ft_lst.o:
#  Implicit rule search has not been done.
#  Modification time never checked.
#  File has not been updated.

# Not a target:
.DEFAULT:
#  Implicit rule search has not been done.
#  Modification time never checked.
#  File has not been updated.

# Not a target:
srcs/ft_split.c:
#  Implicit rule search has been done.
#  Last modified 2022-08-07 17:41:48.64051345
#  File has been updated.
#  Successfully updated.

objs/ft_c.o: srcs/ft_c.c | objs
#  Implicit rule search has been done.
#  Implicit/static pattern stem: 'ft_c'
#  Last modified 2022-08-08 21:44:53.460869086
#  File has been updated.
#  Successfully updated.
#  recipe to execute (from 'Makefile', line 49):
	@$(CC) $(CFLAGS) $(INCLUDES) -c $< -o $@

re: fclean all
#  Phony target (prerequisite of .PHONY).
#  Implicit rule search has not been done.
#  File does not exist.
#  File has not been updated.

objs/ft_str4.o: srcs/ft_str4.c | objs
#  Implicit rule search has been done.
#  Implicit/static pattern stem: 'ft_str4'
#  Last modified 2022-08-08 21:44:53.843871382
#  File has been updated.
#  Successfully updated.
#  recipe to execute (from 'Makefile', line 49):
	@$(CC) $(CFLAGS) $(INCLUDES) -c $< -o $@

clean:
#  Phony target (prerequisite of .PHONY).
#  Implicit rule search has not been done.
#  File does not exist.
#  File has not been updated.
#  recipe to execute (from 'Makefile', line 59):
	rm -rf ${OBJ}

objs/ft_sarr.o: srcs/ft_sarr.c | objs
#  Implicit rule search has been done.
#  Implicit/static pattern stem: 'ft_sarr'
#  Last modified 2022-08-08 21:44:53.978872191
#  File has been updated.
#  Successfully updated.
#  recipe to execute (from 'Makefile', line 49):
	@$(CC) $(CFLAGS) $(INCLUDES) -c $< -o $@

objs/ft_mem2.o: srcs/ft_mem2.c | objs
#  Implicit rule search has been done.
#  Implicit/static pattern stem: 'ft_mem2'
#  Last modified 2022-08-08 21:44:53.592869877
#  File has been updated.
#  Successfully updated.
#  recipe to execute (from 'Makefile', line 49):
	@$(CC) $(CFLAGS) $(INCLUDES) -c $< -o $@

objs/ft_str3.o: srcs/ft_str3.c | objs
#  Implicit rule search has been done.
#  Implicit/static pattern stem: 'ft_str3'
#  Last modified 2022-08-08 21:44:53.787871046
#  File has been updated.
#  Successfully updated.
#  recipe to execute (from 'Makefile', line 49):
	@$(CC) $(CFLAGS) $(INCLUDES) -c $< -o $@

# Not a target:
srcs/ft_c.c:
#  Implicit rule search has been done.
#  Last modified 2022-08-07 16:23:01.974349742
#  File has been updated.
#  Successfully updated.

# Not a target:
srcs/ft_str4.c:
#  Implicit rule search has been done.
#  Last modified 2022-08-07 23:17:10.195593614
#  File has been updated.
#  Successfully updated.

# Not a target:
srcs/ft_sarr.c:
#  Implicit rule search has been done.
#  Last modified 2022-08-07 17:34:21.570836461
#  File has been updated.
#  Successfully updated.

objs/ft_str.o: srcs/ft_str.c | objs
#  Implicit rule search has been done.
#  Implicit/static pattern stem: 'ft_str'
#  Last modified 2022-08-08 21:44:53.694870489
#  File has been updated.
#  Successfully updated.
#  recipe to execute (from 'Makefile', line 49):
	@$(CC) $(CFLAGS) $(INCLUDES) -c $< -o $@

objs/ft_atois.o: srcs/ft_atois.c | objs
#  Implicit rule search has been done.
#  Implicit/static pattern stem: 'ft_atois'
#  Last modified 2022-08-08 21:44:53.41986884
#  File has been updated.
#  Successfully updated.
#  recipe to execute (from 'Makefile', line 49):
	@$(CC) $(CFLAGS) $(INCLUDES) -c $< -o $@

# Not a target:
srcs/ft_mem2.c:
#  Implicit rule search has been done.
#  Last modified 2022-08-07 16:30:14.901920972
#  File has been updated.
#  Successfully updated.

# Not a target:
srcs/ft_str3.c:
#  Implicit rule search has been done.
 
#  Last modified 2022-08-07 17:04:07.733022432
#  File has been updated.
#  Successfully updated.

# Not a target:
objs/ft_lst2.o:
#  Implicit rule search has not been done.
#  Modification time never checked.
#  File has not been updated.

# files hash-table stats:
# Load=39/1024=4%, Rehash=0, Collisions=0/153=0%
# VPATH Search Paths

# No 'vpath' search paths.

# No general ('VPATH' variable) search path.

# strcache buffers: 1 (0) / strings = 79 / storage = 847 B / avg = 10 B
# current buf: size = 8162 B / used = 847 B / count = 79 / avg = 10 B

# strcache performance: lookups = 159 / hit rate = 50%
# hash-table stats:
# Load=79/8192=1%, Rehash=0, Collisions=2/159=1%
# Finished Make data base on Mon Aug  8 21:50:56 2022

 
